<?xml version="1.0" encoding="UTF-8"?>
<!-- Generated by org.testng.reporters.JUnitXMLReporter -->
<testsuite ignored="0" hostname="DESKTOP-EMJQNBH" failures="0" tests="2" name="Test Example1" time="8.427" errors="0" timestamp="2022-12-23T14:16:50 ICT">
  <testcase classname="com.kroger.qa.automation.appium.framework.TestRunner2" name="test2" time="0.005"/>
  <testcase classname="com.kroger.qa.automation.appium.framework.TestRunner2" name="test3" time="0.001"/>
</testsuite> <!-- Test Example1 -->
