<?xml version="1.0" encoding="UTF-8"?>
<testng-results ignored="0" total="4" passed="4" failed="0" skipped="0">
  <reporter-output>
  </reporter-output>
  <suite started-at="2022-12-23T14:16:42 ICT" name="Suite Name" finished-at="2022-12-23T14:16:54 ICT" duration-ms="12199">
    <groups>
      <group name="testExample">
        <method signature="TestRunner.test()[pri:1, instance:com.kroger.qa.automation.appium.framework.TestRunner@54d9d12d]" name="test" class="com.kroger.qa.automation.appium.framework.TestRunner"/>
        <method signature="TestRunner.test1()[pri:1, instance:com.kroger.qa.automation.appium.framework.TestRunner@54d9d12d]" name="test1" class="com.kroger.qa.automation.appium.framework.TestRunner"/>
        <method signature="TestRunner2.test2()[pri:1, instance:com.kroger.qa.automation.appium.framework.TestRunner2@4116aac9]" name="test2" class="com.kroger.qa.automation.appium.framework.TestRunner2"/>
        <method signature="TestRunner2.test3()[pri:1, instance:com.kroger.qa.automation.appium.framework.TestRunner2@4116aac9]" name="test3" class="com.kroger.qa.automation.appium.framework.TestRunner2"/>
      </group> <!-- testExample -->
    </groups>
    <test started-at="2022-12-23T14:16:42 ICT" name="Test Example1" finished-at="2022-12-23T14:16:50 ICT" duration-ms="8427">
      <class name="com.kroger.qa.automation.appium.framework.TestRunner2">
        <test-method is-config="true" signature="retrieveXMLParams(java.lang.String, java.lang.String, java.lang.String, java.lang.String, java.lang.String, java.lang.String, java.lang.String, java.lang.String, java.lang.String, java.lang.String, java.lang.String, java.lang.String, java.lang.String, java.lang.String)[pri:0, instance:com.kroger.qa.automation.appium.framework.TestRunner2@4116aac9]" started-at="2022-12-23T14:16:42 ICT" name="retrieveXMLParams" finished-at="2022-12-23T14:16:42 ICT" duration-ms="6" status="PASS">
          <params>
            <param index="0">
              <value>
                <![CDATA[4725]]>
              </value>
            </param>
            <param index="1">
              <value>
                <![CDATA[Android]]>
              </value>
            </param>
            <param index="2">
              <value>
                <![CDATA[13.0]]>
              </value>
            </param>
            <param index="3">
              <value is-null="true"/>
            </param>
            <param index="4">
              <value>
                <![CDATA[false]]>
              </value>
            </param>
            <param index="5">
              <value>
                <![CDATA[D:\eclipse_workspace\appium-java-framework\src\test\resources\apps\IntentExample.apk]]>
              </value>
            </param>
            <param index="6">
              <value>
                <![CDATA[com.google.android.calendar]]>
              </value>
            </param>
            <param index="7">
              <value>
                <![CDATA[com.android.calendar.LaunchActivity]]>
              </value>
            </param>
            <param index="8">
              <value>
                <![CDATA[emulator-5556]]>
              </value>
            </param>
            <param index="9">
              <value is-null="true"/>
            </param>
            <param index="10">
              <value is-null="true"/>
            </param>
            <param index="11">
              <value is-null="true"/>
            </param>
            <param index="12">
              <value is-null="true"/>
            </param>
            <param index="13">
              <value is-null="true"/>
            </param>
          </params>
          <reporter-output>
          </reporter-output>
        </test-method> <!-- retrieveXMLParams -->
        <test-method is-config="true" signature="setupMobileDriver()[pri:0, instance:com.kroger.qa.automation.appium.framework.TestRunner2@4116aac9]" started-at="2022-12-23T14:16:42 ICT" name="setupMobileDriver" finished-at="2022-12-23T14:16:50 ICT" duration-ms="8051" status="PASS">
          <reporter-output>
          </reporter-output>
        </test-method> <!-- setupMobileDriver -->
        <test-method signature="test2()[pri:1, instance:com.kroger.qa.automation.appium.framework.TestRunner2@4116aac9]" started-at="2022-12-23T14:16:50 ICT" name="test2" finished-at="2022-12-23T14:16:50 ICT" duration-ms="5" status="PASS">
          <reporter-output>
          </reporter-output>
        </test-method> <!-- test2 -->
        <test-method is-config="true" signature="tearDown()[pri:0, instance:com.kroger.qa.automation.appium.framework.TestRunner2@4116aac9]" started-at="2022-12-23T14:16:50 ICT" name="tearDown" finished-at="2022-12-23T14:16:50 ICT" duration-ms="337" status="PASS">
          <reporter-output>
          </reporter-output>
        </test-method> <!-- tearDown -->
        <test-method is-config="true" signature="retrieveXMLParams(java.lang.String, java.lang.String, java.lang.String, java.lang.String, java.lang.String, java.lang.String, java.lang.String, java.lang.String, java.lang.String, java.lang.String, java.lang.String, java.lang.String, java.lang.String, java.lang.String)[pri:0, instance:com.kroger.qa.automation.appium.framework.TestRunner2@4116aac9]" started-at="2022-12-23T14:16:50 ICT" name="retrieveXMLParams" finished-at="2022-12-23T14:16:50 ICT" duration-ms="1" status="PASS">
          <params>
            <param index="0">
              <value>
                <![CDATA[4725]]>
              </value>
            </param>
            <param index="1">
              <value>
                <![CDATA[Android]]>
              </value>
            </param>
            <param index="2">
              <value>
                <![CDATA[13.0]]>
              </value>
            </param>
            <param index="3">
              <value is-null="true"/>
            </param>
            <param index="4">
              <value>
                <![CDATA[false]]>
              </value>
            </param>
            <param index="5">
              <value>
                <![CDATA[D:\eclipse_workspace\appium-java-framework\src\test\resources\apps\IntentExample.apk]]>
              </value>
            </param>
            <param index="6">
              <value>
                <![CDATA[com.google.android.calendar]]>
              </value>
            </param>
            <param index="7">
              <value>
                <![CDATA[com.android.calendar.LaunchActivity]]>
              </value>
            </param>
            <param index="8">
              <value>
                <![CDATA[emulator-5556]]>
              </value>
            </param>
            <param index="9">
              <value is-null="true"/>
            </param>
            <param index="10">
              <value is-null="true"/>
            </param>
            <param index="11">
              <value is-null="true"/>
            </param>
            <param index="12">
              <value is-null="true"/>
            </param>
            <param index="13">
              <value is-null="true"/>
            </param>
          </params>
          <reporter-output>
          </reporter-output>
        </test-method> <!-- retrieveXMLParams -->
        <test-method is-config="true" signature="setupMobileDriver()[pri:0, instance:com.kroger.qa.automation.appium.framework.TestRunner2@4116aac9]" started-at="2022-12-23T14:16:50 ICT" name="setupMobileDriver" finished-at="2022-12-23T14:16:50 ICT" duration-ms="0" status="PASS">
          <reporter-output>
          </reporter-output>
        </test-method> <!-- setupMobileDriver -->
        <test-method signature="test3()[pri:1, instance:com.kroger.qa.automation.appium.framework.TestRunner2@4116aac9]" started-at="2022-12-23T14:16:50 ICT" name="test3" finished-at="2022-12-23T14:16:50 ICT" duration-ms="1" status="PASS">
          <reporter-output>
          </reporter-output>
        </test-method> <!-- test3 -->
        <test-method is-config="true" signature="tearDown()[pri:0, instance:com.kroger.qa.automation.appium.framework.TestRunner2@4116aac9]" started-at="2022-12-23T14:16:50 ICT" name="tearDown" finished-at="2022-12-23T14:16:50 ICT" duration-ms="0" status="PASS">
          <reporter-output>
          </reporter-output>
        </test-method> <!-- tearDown -->
      </class> <!-- com.kroger.qa.automation.appium.framework.TestRunner2 -->
    </test> <!-- Test Example1 -->
    <test started-at="2022-12-23T14:16:42 ICT" name="Test Example" finished-at="2022-12-23T14:16:54 ICT" duration-ms="12199">
      <class name="com.kroger.qa.automation.appium.framework.TestRunner">
        <test-method is-config="true" signature="retrieveXMLParams(java.lang.String, java.lang.String, java.lang.String, java.lang.String, java.lang.String, java.lang.String, java.lang.String, java.lang.String, java.lang.String, java.lang.String, java.lang.String, java.lang.String, java.lang.String, java.lang.String)[pri:0, instance:com.kroger.qa.automation.appium.framework.TestRunner@54d9d12d]" started-at="2022-12-23T14:16:42 ICT" name="retrieveXMLParams" finished-at="2022-12-23T14:16:42 ICT" duration-ms="6" status="PASS">
          <params>
            <param index="0">
              <value>
                <![CDATA[4723]]>
              </value>
            </param>
            <param index="1">
              <value>
                <![CDATA[Android]]>
              </value>
            </param>
            <param index="2">
              <value>
                <![CDATA[13.0]]>
              </value>
            </param>
            <param index="3">
              <value is-null="true"/>
            </param>
            <param index="4">
              <value>
                <![CDATA[false]]>
              </value>
            </param>
            <param index="5">
              <value>
                <![CDATA[D:\eclipse_workspace\appium-java-framework\src\test\resources\apps\IntentExample.apk]]>
              </value>
            </param>
            <param index="6">
              <value>
                <![CDATA[com.google.android.calendar]]>
              </value>
            </param>
            <param index="7">
              <value>
                <![CDATA[com.android.calendar.LaunchActivity]]>
              </value>
            </param>
            <param index="8">
              <value>
                <![CDATA[emulator-5554]]>
              </value>
            </param>
            <param index="9">
              <value is-null="true"/>
            </param>
            <param index="10">
              <value is-null="true"/>
            </param>
            <param index="11">
              <value is-null="true"/>
            </param>
            <param index="12">
              <value is-null="true"/>
            </param>
            <param index="13">
              <value is-null="true"/>
            </param>
          </params>
          <reporter-output>
          </reporter-output>
        </test-method> <!-- retrieveXMLParams -->
        <test-method is-config="true" signature="setupMobileDriver()[pri:0, instance:com.kroger.qa.automation.appium.framework.TestRunner@54d9d12d]" started-at="2022-12-23T14:16:42 ICT" name="setupMobileDriver" finished-at="2022-12-23T14:16:54 ICT" duration-ms="11882" status="PASS">
          <reporter-output>
          </reporter-output>
        </test-method> <!-- setupMobileDriver -->
        <test-method signature="test()[pri:1, instance:com.kroger.qa.automation.appium.framework.TestRunner@54d9d12d]" started-at="2022-12-23T14:16:54 ICT" name="test" finished-at="2022-12-23T14:16:54 ICT" duration-ms="1" status="PASS">
          <reporter-output>
          </reporter-output>
        </test-method> <!-- test -->
        <test-method is-config="true" signature="tearDown()[pri:0, instance:com.kroger.qa.automation.appium.framework.TestRunner@54d9d12d]" started-at="2022-12-23T14:16:54 ICT" name="tearDown" finished-at="2022-12-23T14:16:54 ICT" duration-ms="284" status="PASS">
          <reporter-output>
          </reporter-output>
        </test-method> <!-- tearDown -->
        <test-method is-config="true" signature="retrieveXMLParams(java.lang.String, java.lang.String, java.lang.String, java.lang.String, java.lang.String, java.lang.String, java.lang.String, java.lang.String, java.lang.String, java.lang.String, java.lang.String, java.lang.String, java.lang.String, java.lang.String)[pri:0, instance:com.kroger.qa.automation.appium.framework.TestRunner@54d9d12d]" started-at="2022-12-23T14:16:54 ICT" name="retrieveXMLParams" finished-at="2022-12-23T14:16:54 ICT" duration-ms="1" status="PASS">
          <params>
            <param index="0">
              <value>
                <![CDATA[4723]]>
              </value>
            </param>
            <param index="1">
              <value>
                <![CDATA[Android]]>
              </value>
            </param>
            <param index="2">
              <value>
                <![CDATA[13.0]]>
              </value>
            </param>
            <param index="3">
              <value is-null="true"/>
            </param>
            <param index="4">
              <value>
                <![CDATA[false]]>
              </value>
            </param>
            <param index="5">
              <value>
                <![CDATA[D:\eclipse_workspace\appium-java-framework\src\test\resources\apps\IntentExample.apk]]>
              </value>
            </param>
            <param index="6">
              <value>
                <![CDATA[com.google.android.calendar]]>
              </value>
            </param>
            <param index="7">
              <value>
                <![CDATA[com.android.calendar.LaunchActivity]]>
              </value>
            </param>
            <param index="8">
              <value>
                <![CDATA[emulator-5554]]>
              </value>
            </param>
            <param index="9">
              <value is-null="true"/>
            </param>
            <param index="10">
              <value is-null="true"/>
            </param>
            <param index="11">
              <value is-null="true"/>
            </param>
            <param index="12">
              <value is-null="true"/>
            </param>
            <param index="13">
              <value is-null="true"/>
            </param>
          </params>
          <reporter-output>
          </reporter-output>
        </test-method> <!-- retrieveXMLParams -->
        <test-method is-config="true" signature="setupMobileDriver()[pri:0, instance:com.kroger.qa.automation.appium.framework.TestRunner@54d9d12d]" started-at="2022-12-23T14:16:54 ICT" name="setupMobileDriver" finished-at="2022-12-23T14:16:54 ICT" duration-ms="0" status="PASS">
          <reporter-output>
          </reporter-output>
        </test-method> <!-- setupMobileDriver -->
        <test-method signature="test1()[pri:1, instance:com.kroger.qa.automation.appium.framework.TestRunner@54d9d12d]" started-at="2022-12-23T14:16:54 ICT" name="test1" finished-at="2022-12-23T14:16:54 ICT" duration-ms="1" status="PASS">
          <reporter-output>
          </reporter-output>
        </test-method> <!-- test1 -->
        <test-method is-config="true" signature="tearDown()[pri:0, instance:com.kroger.qa.automation.appium.framework.TestRunner@54d9d12d]" started-at="2022-12-23T14:16:54 ICT" name="tearDown" finished-at="2022-12-23T14:16:54 ICT" duration-ms="0" status="PASS">
          <reporter-output>
          </reporter-output>
        </test-method> <!-- tearDown -->
      </class> <!-- com.kroger.qa.automation.appium.framework.TestRunner -->
    </test> <!-- Test Example -->
  </suite> <!-- Suite Name -->
</testng-results>
